<?xml version="1.0" encoding="UTF-8"?>
<!-- Generated by org.testng.reporters.JUnitReportReporter -->
<testsuite hostname="DESKTOP-L9361S2" failures="0" tests="2" name="testScript.RegistrationTest" time="21.267" errors="0" timestamp="2025-03-27T19:51:03 IST" skipped="0">
  <testcase classname="testScript.RegistrationTest" name="RegistrationwithvalidCandentials" time="12.287"/>
  <testcase classname="testScript.RegistrationTest" name="RegistrationwithemptyCandentials" time="8.980"/>
</testsuite> <!-- testScript.RegistrationTest -->
