<?xml version="1.0" encoding="UTF-8"?>
<!-- Generated by org.testng.reporters.JUnitReportReporter -->
<testsuite hostname="DESKTOP-L9361S2" failures="0" tests="1" name="testScript.CreatePostTest" time="7.103" errors="0" timestamp="2025-03-27T21:27:07 IST" skipped="0">
  <testcase classname="testScript.CreatePostTest" name="testCreatePost" time="7.103"/>
</testsuite> <!-- testScript.CreatePostTest -->
